0 info it worked if it ends with ok
1 verbose cli [ 'C:\\Program Files\\nodejs\\\\node.exe',
1 verbose cli   'C:\\Program Files\\nodejs\\node_modules\\npm\\bin\\npm-cli.js',
1 verbose cli   'pub' ]
2 info using npm@1.3.2
3 info using node@v0.10.13
4 verbose node symlink C:\Program Files\nodejs\\node.exe
5 verbose publish [ '.' ]
6 verbose cache add [ '.', null ]
7 verbose cache add name=undefined spec="." args=[".",null]
8 verbose parsed url { protocol: null,
8 verbose parsed url   slashes: null,
8 verbose parsed url   auth: null,
8 verbose parsed url   host: null,
8 verbose parsed url   port: null,
8 verbose parsed url   hostname: null,
8 verbose parsed url   hash: null,
8 verbose parsed url   search: null,
8 verbose parsed url   query: null,
8 verbose parsed url   pathname: '.',
8 verbose parsed url   path: '.',
8 verbose parsed url   href: '.' }
9 silly lockFile 3a52ce78- .
10 verbose lock . C:\Users\Kory.korys-laptop\AppData\Roaming\npm-cache\3a52ce78-.lock
11 verbose tar pack [ 'C:\\Users\\Kory.korys-laptop\\AppData\\Local\\Temp\\npm-2476\\1383555104381-0.31240326981060207\\tmp.tgz',
11 verbose tar pack   '.' ]
12 verbose tarball C:\Users\Kory.korys-laptop\AppData\Local\Temp\npm-2476\1383555104381-0.31240326981060207\tmp.tgz
13 verbose folder .
14 info prepublish linkify@0.0.1
15 silly lockFile 1f1177db-tar tar://.
16 verbose lock tar://. C:\Users\Kory.korys-laptop\AppData\Roaming\npm-cache\1f1177db-tar.lock
17 silly lockFile 0dbe098e-4381-0-31240326981060207-tmp-tgz tar://C:\Users\Kory.korys-laptop\AppData\Local\Temp\npm-2476\1383555104381-0.31240326981060207\tmp.tgz
18 verbose lock tar://C:\Users\Kory.korys-laptop\AppData\Local\Temp\npm-2476\1383555104381-0.31240326981060207\tmp.tgz C:\Users\Kory.korys-laptop\AppData\Roaming\npm-cache\0dbe098e-4381-0-31240326981060207-tmp-tgz.lock
19 silly lockFile 1f1177db-tar tar://.
20 silly lockFile 1f1177db-tar tar://.
21 silly lockFile 0dbe098e-4381-0-31240326981060207-tmp-tgz tar://C:\Users\Kory.korys-laptop\AppData\Local\Temp\npm-2476\1383555104381-0.31240326981060207\tmp.tgz
22 silly lockFile 0dbe098e-4381-0-31240326981060207-tmp-tgz tar://C:\Users\Kory.korys-laptop\AppData\Local\Temp\npm-2476\1383555104381-0.31240326981060207\tmp.tgz
23 verbose tar unpack C:\Users\Kory.korys-laptop\AppData\Local\Temp\npm-2476\1383555104381-0.31240326981060207\tmp.tgz
24 silly lockFile 95795f23-4381-0-31240326981060207-package tar://C:\Users\Kory.korys-laptop\AppData\Local\Temp\npm-2476\1383555104381-0.31240326981060207\package
25 verbose lock tar://C:\Users\Kory.korys-laptop\AppData\Local\Temp\npm-2476\1383555104381-0.31240326981060207\package C:\Users\Kory.korys-laptop\AppData\Roaming\npm-cache\95795f23-4381-0-31240326981060207-package.lock
26 silly lockFile 0dbe098e-4381-0-31240326981060207-tmp-tgz tar://C:\Users\Kory.korys-laptop\AppData\Local\Temp\npm-2476\1383555104381-0.31240326981060207\tmp.tgz
27 verbose lock tar://C:\Users\Kory.korys-laptop\AppData\Local\Temp\npm-2476\1383555104381-0.31240326981060207\tmp.tgz C:\Users\Kory.korys-laptop\AppData\Roaming\npm-cache\0dbe098e-4381-0-31240326981060207-tmp-tgz.lock
28 silly gunzTarPerm modes [ '755', '644' ]
29 silly gunzTarPerm extractEntry package.json
30 silly gunzTarPerm modified mode [ 'package.json', 438, 420 ]
31 silly gunzTarPerm extractEntry .npmignore
32 silly gunzTarPerm modified mode [ '.npmignore', 438, 420 ]
33 silly gunzTarPerm extractEntry linkify.js
34 silly gunzTarPerm modified mode [ 'linkify.js', 438, 420 ]
35 silly gunzTarPerm extractEntry index.html
36 silly gunzTarPerm modified mode [ 'index.html', 438, 420 ]
37 silly lockFile 95795f23-4381-0-31240326981060207-package tar://C:\Users\Kory.korys-laptop\AppData\Local\Temp\npm-2476\1383555104381-0.31240326981060207\package
38 silly lockFile 95795f23-4381-0-31240326981060207-package tar://C:\Users\Kory.korys-laptop\AppData\Local\Temp\npm-2476\1383555104381-0.31240326981060207\package
39 silly lockFile 0dbe098e-4381-0-31240326981060207-tmp-tgz tar://C:\Users\Kory.korys-laptop\AppData\Local\Temp\npm-2476\1383555104381-0.31240326981060207\tmp.tgz
40 silly lockFile 0dbe098e-4381-0-31240326981060207-tmp-tgz tar://C:\Users\Kory.korys-laptop\AppData\Local\Temp\npm-2476\1383555104381-0.31240326981060207\tmp.tgz
41 verbose tar pack [ 'C:\\Users\\Kory.korys-laptop\\AppData\\Roaming\\npm-cache\\linkify\\0.0.1\\package.tgz',
41 verbose tar pack   'C:\\Users\\Kory.korys-laptop\\AppData\\Local\\Temp\\npm-2476\\1383555104381-0.31240326981060207\\package' ]
42 verbose tarball C:\Users\Kory.korys-laptop\AppData\Roaming\npm-cache\linkify\0.0.1\package.tgz
43 verbose folder C:\Users\Kory.korys-laptop\AppData\Local\Temp\npm-2476\1383555104381-0.31240326981060207\package
44 silly lockFile 95795f23-4381-0-31240326981060207-package tar://C:\Users\Kory.korys-laptop\AppData\Local\Temp\npm-2476\1383555104381-0.31240326981060207\package
45 verbose lock tar://C:\Users\Kory.korys-laptop\AppData\Local\Temp\npm-2476\1383555104381-0.31240326981060207\package C:\Users\Kory.korys-laptop\AppData\Roaming\npm-cache\95795f23-4381-0-31240326981060207-package.lock
46 silly lockFile 73e1520e--cache-linkify-0-0-1-package-tgz tar://C:\Users\Kory.korys-laptop\AppData\Roaming\npm-cache\linkify\0.0.1\package.tgz
47 verbose lock tar://C:\Users\Kory.korys-laptop\AppData\Roaming\npm-cache\linkify\0.0.1\package.tgz C:\Users\Kory.korys-laptop\AppData\Roaming\npm-cache\73e1520e--cache-linkify-0-0-1-package-tgz.lock
48 silly lockFile 95795f23-4381-0-31240326981060207-package tar://C:\Users\Kory.korys-laptop\AppData\Local\Temp\npm-2476\1383555104381-0.31240326981060207\package
49 silly lockFile 95795f23-4381-0-31240326981060207-package tar://C:\Users\Kory.korys-laptop\AppData\Local\Temp\npm-2476\1383555104381-0.31240326981060207\package
50 silly lockFile 73e1520e--cache-linkify-0-0-1-package-tgz tar://C:\Users\Kory.korys-laptop\AppData\Roaming\npm-cache\linkify\0.0.1\package.tgz
51 silly lockFile 73e1520e--cache-linkify-0-0-1-package-tgz tar://C:\Users\Kory.korys-laptop\AppData\Roaming\npm-cache\linkify\0.0.1\package.tgz
52 silly lockFile 3e89e12d--npm-cache-linkify-0-0-1-package C:\Users\Kory.korys-laptop\AppData\Roaming\npm-cache\linkify\0.0.1\package
53 verbose lock C:\Users\Kory.korys-laptop\AppData\Roaming\npm-cache\linkify\0.0.1\package C:\Users\Kory.korys-laptop\AppData\Roaming\npm-cache\3e89e12d--npm-cache-linkify-0-0-1-package.lock
54 silly lockFile 3e89e12d--npm-cache-linkify-0-0-1-package C:\Users\Kory.korys-laptop\AppData\Roaming\npm-cache\linkify\0.0.1\package
55 silly lockFile 3e89e12d--npm-cache-linkify-0-0-1-package C:\Users\Kory.korys-laptop\AppData\Roaming\npm-cache\linkify\0.0.1\package
56 verbose tar unpack C:\Users\Kory.korys-laptop\AppData\Roaming\npm-cache\linkify\0.0.1\package.tgz
57 silly lockFile 024421ed--npm-cache-linkify-0-0-1-package tar://C:\Users\Kory.korys-laptop\AppData\Roaming\npm-cache\linkify\0.0.1\package
58 verbose lock tar://C:\Users\Kory.korys-laptop\AppData\Roaming\npm-cache\linkify\0.0.1\package C:\Users\Kory.korys-laptop\AppData\Roaming\npm-cache\024421ed--npm-cache-linkify-0-0-1-package.lock
59 silly lockFile 73e1520e--cache-linkify-0-0-1-package-tgz tar://C:\Users\Kory.korys-laptop\AppData\Roaming\npm-cache\linkify\0.0.1\package.tgz
60 verbose lock tar://C:\Users\Kory.korys-laptop\AppData\Roaming\npm-cache\linkify\0.0.1\package.tgz C:\Users\Kory.korys-laptop\AppData\Roaming\npm-cache\73e1520e--cache-linkify-0-0-1-package-tgz.lock
61 silly gunzTarPerm modes [ '755', '644' ]
62 silly gunzTarPerm extractEntry package.json
63 silly gunzTarPerm modified mode [ 'package.json', 438, 420 ]
64 silly gunzTarPerm extractEntry .npmignore
65 silly gunzTarPerm modified mode [ '.npmignore', 438, 420 ]
66 silly gunzTarPerm extractEntry linkify.js
67 silly gunzTarPerm modified mode [ 'linkify.js', 438, 420 ]
68 silly gunzTarPerm extractEntry index.html
69 silly gunzTarPerm modified mode [ 'index.html', 438, 420 ]
70 silly lockFile 024421ed--npm-cache-linkify-0-0-1-package tar://C:\Users\Kory.korys-laptop\AppData\Roaming\npm-cache\linkify\0.0.1\package
71 silly lockFile 024421ed--npm-cache-linkify-0-0-1-package tar://C:\Users\Kory.korys-laptop\AppData\Roaming\npm-cache\linkify\0.0.1\package
72 silly lockFile 73e1520e--cache-linkify-0-0-1-package-tgz tar://C:\Users\Kory.korys-laptop\AppData\Roaming\npm-cache\linkify\0.0.1\package.tgz
73 silly lockFile 73e1520e--cache-linkify-0-0-1-package-tgz tar://C:\Users\Kory.korys-laptop\AppData\Roaming\npm-cache\linkify\0.0.1\package.tgz
74 verbose chmod C:\Users\Kory.korys-laptop\AppData\Roaming\npm-cache\linkify\0.0.1\package.tgz 644
75 silly chown skipping for windows C:\Users\Kory.korys-laptop\AppData\Roaming\npm-cache\linkify\0.0.1\package.tgz
76 silly lockFile 3a52ce78- .
77 silly lockFile 3a52ce78- .
78 silly publish { name: 'linkify',
78 silly publish   version: '0.0.1',
78 silly publish   description: '',
78 silly publish   main: 'linkify.js',
78 silly publish   scripts: { test: 'echo "Error: no test specified" && exit 1' },
78 silly publish   author: '',
78 silly publish   license: 'BSD',
78 silly publish   dependencies: { crel: '~1.1.0' },
78 silly publish   readme: 'ERROR: No README data found!',
78 silly publish   _id: 'linkify@0.0.1',
78 silly publish   dist: { shasum: 'b93b9dbebdabaa0e706c1b0923b197c04fcb14c2' },
78 silly publish   _from: '.' }
79 verbose url raw linkify
80 verbose url resolving [ 'https://registry.npmjs.org/', './linkify' ]
81 verbose url resolved https://registry.npmjs.org/linkify
82 info trying registry request attempt 1 at 18:51:46
83 http PUT https://registry.npmjs.org/linkify
84 http 409 https://registry.npmjs.org/linkify
85 verbose url raw linkify
86 verbose url resolving [ 'https://registry.npmjs.org/', './linkify' ]
87 verbose url resolved https://registry.npmjs.org/linkify
88 info trying registry request attempt 1 at 18:51:48
89 http GET https://registry.npmjs.org/linkify
90 http 200 https://registry.npmjs.org/linkify
91 verbose uploading [ 'linkify/-/linkify-0.0.1.tgz/-rev/5-28106b405a1324dd0c8bf8a574cb68be',
91 verbose uploading   'C:\\Users\\Kory.korys-laptop\\AppData\\Roaming\\npm-cache\\linkify\\0.0.1\\package.tgz' ]
92 verbose url raw linkify/-/linkify-0.0.1.tgz/-rev/5-28106b405a1324dd0c8bf8a574cb68be
93 verbose url resolving [ 'https://registry.npmjs.org/',
93 verbose url resolving   './linkify/-/linkify-0.0.1.tgz/-rev/5-28106b405a1324dd0c8bf8a574cb68be' ]
94 verbose url resolved https://registry.npmjs.org/linkify/-/linkify-0.0.1.tgz/-rev/5-28106b405a1324dd0c8bf8a574cb68be
95 info trying registry request attempt 1 at 18:51:50
96 http PUT https://registry.npmjs.org/linkify/-/linkify-0.0.1.tgz/-rev/5-28106b405a1324dd0c8bf8a574cb68be
97 http 403 https://registry.npmjs.org/linkify/-/linkify-0.0.1.tgz/-rev/5-28106b405a1324dd0c8bf8a574cb68be
98 info trying registry request attempt 1 at 18:51:54
99 http PUT https://registry.npmjs.org/linkify/-/linkify-0.0.1.tgz/-rev/5-28106b405a1324dd0c8bf8a574cb68be
100 http 403 https://registry.npmjs.org/linkify/-/linkify-0.0.1.tgz/-rev/5-28106b405a1324dd0c8bf8a574cb68be
101 error publish Error uploading package
102 error Error: forbidden user: korynunn not authorized to modify linkify
102 error Added: _attachments.linkify-0.0.1.tgz: linkify/-/linkify-0.0.1.tgz/-rev/5-28106b405a1324dd0c8bf8a574cb68be
102 error     at RegClient.<anonymous> (C:\Program Files\nodejs\node_modules\npm\node_modules\npm-registry-client\lib\request.js:272:14)
102 error     at Request.self.callback (C:\Program Files\nodejs\node_modules\npm\node_modules\request\index.js:148:22)
102 error     at Request.EventEmitter.emit (events.js:98:17)
102 error     at Request.<anonymous> (C:\Program Files\nodejs\node_modules\npm\node_modules\request\index.js:876:14)
102 error     at Request.EventEmitter.emit (events.js:117:20)
102 error     at IncomingMessage.<anonymous> (C:\Program Files\nodejs\node_modules\npm\node_modules\request\index.js:827:12)
102 error     at IncomingMessage.EventEmitter.emit (events.js:117:20)
102 error     at _stream_readable.js:910:16
102 error     at process._tickCallback (node.js:415:13)
103 error If you need help, you may report this log at:
103 error     <http://github.com/isaacs/npm/issues>
103 error or email it to:
103 error     <npm-@googlegroups.com>
104 error System Windows_NT 6.2.9200
105 error command "C:\\Program Files\\nodejs\\\\node.exe" "C:\\Program Files\\nodejs\\node_modules\\npm\\bin\\npm-cli.js" "pub"
106 error cwd C:\dev\github\linkify
107 error node -v v0.10.13
108 error npm -v 1.3.2
109 verbose exit [ 1, true ]
